#
# An unexpected error has been detected by Java Runtime Environment:
#
#  SIGSEGV (0xb) at pc=0xb2eb60b4, pid=5839, tid=2993044368
#
# Java VM: Java HotSpot(TM) Client VM (1.6.0_03-b05 mixed mode, sharing)
# Problematic frame:
# C  [libfmod-3.75.so+0x510b4]
#
# If you would like to submit a bug report, please visit:
#   http://java.sun.com/webapps/bugreport/crash.jsp
#

---------------  T H R E A D  ---------------

Current thread is native thread

siginfo:si_signo=11, si_errno=0, si_code=1, si_addr=0x00000000

Registers:
EAX=0x00000000, EBX=0x0820d46c, ECX=0x0821e250, EDX=0x00000000
ESP=0xb2663160, EBP=0xb26631f4, ESI=0x00000000, EDI=0x0821eef0
EIP=0xb2eb60b4, CR2=0x00000000, EFLAGS=0x00210246

Top of Stack: (sp=0xb2663160)
0xb2663160:   080f4080 080f40f8 0839f9a2 b17a807c
0xb2663170:   00002134 0820cf98 00000001 0008ea9f
0xb2663180:   00000001 00000001 08211fa0 00000040
0xb2663190:   00000001 00000001 00000002 b2eb131b
0xb26631a0:   08214368 082143f0 b2eb1489 00000000
0xb26631b0:   080f0080 080f2080 00000001 0820d470
0xb26631c0:   0820d46c b266320c 00000001 b2663160
0xb26631d0:   b2663190 b26631b0 00000800 0821eef0 

Instructions: (pc=0xb2eb60b4)
0xb2eb60a4:   00 8b 4d 0c 8b 5d 08 8b 84 b1 88 04 00 00 8b 13
0xb2eb60b4:   8b 3c 82 8b 84 b1 88 08 00 00 8b 04 82 89 45 cc 

Stack: [0xb1e63000,0xb2664000),  sp=0xb2663160,  free space=8192k
Native frames: (J=compiled Java code, j=interpreted, Vv=VM code, C=native code)
C  [libfmod-3.75.so+0x510b4]


---------------  P R O C E S S  ---------------

Java Threads: ( => current thread )
  0xb2f1c000 JavaThread "Thread-17" [_thread_in_native, id=5930]
  0xb32d8000 JavaThread "Thread-4" [_thread_blocked, id=5855]
  0xb4903800 JavaThread "AWT-XAWT" daemon [_thread_in_native, id=5849]
  0xb50f4400 JavaThread "Java2D Disposer" daemon [_thread_blocked, id=5848]
  0x0808d400 JavaThread "Low Memory Detector" daemon [_thread_blocked, id=5846]
  0x0808bc00 JavaThread "CompilerThread0" daemon [_thread_blocked, id=5845]
  0x0808a800 JavaThread "Signal Dispatcher" daemon [_thread_blocked, id=5844]
  0x08081800 JavaThread "Finalizer" daemon [_thread_blocked, id=5843]
  0x08080800 JavaThread "Reference Handler" daemon [_thread_blocked, id=5842]
  0x08058800 JavaThread "main" [_thread_in_native, id=5840]

Other Threads:
  0x0807f000 VMThread [id=5841]
  0x08090400 WatcherThread [id=5847]

VM state:not at safepoint (normal execution)

VM Mutex/Monitor currently owned by a thread: None

Heap
 def new generation   total 36288K, used 13738K [0x118c0000, 0x14020000, 0x1b470000)
  eden space 32256K,  39% used [0x118c0000, 0x12534430, 0x13840000)
  from space 4032K,  24% used [0x13c30000, 0x13d266b0, 0x14020000)
  to   space 4032K,   0% used [0x13840000, 0x13840000, 0x13c30000)
 tenured generation   total 483968K, used 45384K [0x1b470000, 0x38d10000, 0x900c0000)
   the space 483968K,   9% used [0x1b470000, 0x1e0c2230, 0x1e0c2400, 0x38d10000)
 compacting perm gen  total 12288K, used 7636K [0x900c0000, 0x90cc0000, 0x940c0000)
   the space 12288K,  62% used [0x900c0000, 0x90835058, 0x90835200, 0x90cc0000)
    ro space 8192K,  73% used [0x940c0000, 0x946a2560, 0x946a2600, 0x948c0000)
    rw space 12288K,  58% used [0x948c0000, 0x94fb7448, 0x94fb7600, 0x954c0000)

Dynamic libraries:
06000000-06417000 r-xp 00000000 08:07 110678     /home/abraao/jdk1.6.0_03/jre/lib/i386/client/libjvm.so
06417000-06430000 rwxp 00417000 08:07 110678     /home/abraao/jdk1.6.0_03/jre/lib/i386/client/libjvm.so
06430000-0684f000 rwxp 06430000 00:00 0 
08048000-08052000 r-xp 00000000 08:07 110127     /home/abraao/jdk1.6.0_03/bin/java
08052000-08053000 rwxp 00009000 08:07 110127     /home/abraao/jdk1.6.0_03/bin/java
08053000-083e1000 rwxp 08053000 00:00 0          [heap]
118c0000-14020000 rwxp 118c0000 00:00 0 
14020000-1b470000 rwxp 14020000 00:00 0 
1b470000-38d10000 rwxp 1b470000 00:00 0 
38d10000-900c0000 rwxp 38d10000 00:00 0 
900c0000-90cc0000 rwxp 900c0000 00:00 0 
90cc0000-940c0000 rwxp 90cc0000 00:00 0 
940c0000-946a3000 r-xs 00001000 08:07 110681     /home/abraao/jdk1.6.0_03/jre/lib/i386/client/classes.jsa
946a3000-948c0000 rwxp 946a3000 00:00 0 
948c0000-94fb8000 rwxp 005e4000 08:07 110681     /home/abraao/jdk1.6.0_03/jre/lib/i386/client/classes.jsa
94fb8000-954c0000 rwxp 94fb8000 00:00 0 
954c0000-95599000 rwxp 00cdc000 08:07 110681     /home/abraao/jdk1.6.0_03/jre/lib/i386/client/classes.jsa
95599000-958c0000 rwxp 95599000 00:00 0 
958c0000-958c4000 r-xs 00db5000 08:07 110681     /home/abraao/jdk1.6.0_03/jre/lib/i386/client/classes.jsa
958c4000-95cc0000 rwxp 958c4000 00:00 0 
b0a60000-b0c60000 rwxs 17de7000 00:0e 15711      /dev/nvidia0
b0c60000-b0e60000 rwxs 21483000 00:0e 15711      /dev/nvidia0
b0e60000-b1661000 rwxp b0e60000 00:00 0 
b176f000-b188f000 rwxp b176f000 00:00 0 
b188f000-b1892000 ---p b188f000 00:00 0 
b1892000-b1a91000 rwxp b1892000 00:00 0 
b1a91000-b1b00000 ---p b1a91000 00:00 0 
b1b70000-b1cc3000 rwxp b1b70000 00:00 0 
b1cc3000-b1d00000 ---p b1cc3000 00:00 0 
b1d60000-b1de1000 rwxp b1d60000 00:00 0 
b1e63000-b1e66000 rwxp b1e63000 00:00 0 
b1e66000-b2664000 rwxp b1e66000 00:00 0 
b2664000-b2665000 ---p b2664000 00:00 0 
b2665000-b2e65000 rwxp b2665000 00:00 0 
b2e65000-b2ec3000 r-xp 00000000 08:07 294625     /home/abraao/projetos/java/ToupetyEngine/dist/libfmod-3.75.so
b2ec3000-b2ed2000 rwxp 0005d000 08:07 294625     /home/abraao/projetos/java/ToupetyEngine/dist/libfmod-3.75.so
b2ed2000-b2ff3000 rwxp b2ed2000 00:00 0 
b2ff3000-b3000000 ---p b2ff3000 00:00 0 
b3043000-b30f3000 r-xp 00000000 08:07 104590     /usr/lib/libstdc++.so.5.0.7
b30f3000-b30f8000 rwxp 000af000 08:07 104590     /usr/lib/libstdc++.so.5.0.7
b30f8000-b317e000 rwxp b30f8000 00:00 0 
b31af000-b31b2000 ---p b31af000 00:00 0 
b31b2000-b32ff000 rwxp b31b2000 00:00 0 
b32ff000-b3300000 ---p b32ff000 00:00 0 
b3322000-b3347000 r-xp 00000000 08:07 294648     /home/abraao/projetos/java/ToupetyEngine/dist/libNativeFmod.so
b3347000-b3348000 rwxp 00025000 08:07 294648     /home/abraao/projetos/java/ToupetyEngine/dist/libNativeFmod.so
b3348000-b3352000 r-xp 00000000 08:07 2195       /lib/libgcc_s.so.1
b3352000-b3353000 rwxp 0000a000 08:07 2195       /lib/libgcc_s.so.1
b3362000-b3363000 rwxs 00000000 00:09 2654264    /SYSV00000000 (deleted)
b3363000-b3364000 rwxp b3363000 00:00 0 
b3364000-b3365000 r-xp 00000000 08:07 294627     /home/abraao/projetos/java/ToupetyEngine/dist/libLibLoader.so
b3365000-b3366000 rwxp 00000000 08:07 294627     /home/abraao/projetos/java/ToupetyEngine/dist/libLibLoader.so
b3366000-b3379000 r-xp 00000000 08:07 110657     /home/abraao/jdk1.6.0_03/jre/lib/i386/libnet.so
b3379000-b337a000 rwxp 00013000 08:07 110657     /home/abraao/jdk1.6.0_03/jre/lib/i386/libnet.so
b337a000-b33a8000 r-xp 00000000 08:07 110701     /home/abraao/jdk1.6.0_03/jre/lib/i386/libjpeg.so
b33a8000-b33a9000 rwxp 0002e000 08:07 110701     /home/abraao/jdk1.6.0_03/jre/lib/i386/libjpeg.so
b33a9000-b33fd000 r-xp 00000000 08:07 110709     /home/abraao/jdk1.6.0_03/jre/lib/i386/libcmm.so
b33fd000-b3400000 rwxp 00054000 08:07 110709     /home/abraao/jdk1.6.0_03/jre/lib/i386/libcmm.so
b3400000-b34fe000 rwxp b3400000 00:00 0 
b34fe000-b3500000 ---p b34fe000 00:00 0 
b3500000-b3507000 r-xs 00106000 08:07 110867     /home/abraao/jdk1.6.0_03/jre/lib/resources.jar
b3507000-b350e000 r-xp 00000000 08:07 110658     /home/abraao/jdk1.6.0_03/jre/lib/i386/libnio.so
b350e000-b350f000 rwxp 00006000 08:07 110658     /home/abraao/jdk1.6.0_03/jre/lib/i386/libnio.so
b350f000-b3592000 rwxp b350f000 00:00 0 
b3592000-b3593000 rwxs 00000000 00:09 2326587    /SYSV00000000 (deleted)
b3593000-b3594000 rwxs 00000000 00:09 2392125    /SYSV00000000 (deleted)
b3594000-b35d5000 rwxs 4da80000 00:0e 15711      /dev/nvidia0
b35d5000-b36d5000 rwxs 2c145000 00:0e 15711      /dev/nvidia0
b36d5000-b36d9000 rwxs 2c28c000 00:0e 15711      /dev/nvidia0
b36d9000-b36da000 rwxs 4db00000 00:0e 15711      /dev/nvidia0
b36da000-b36db000 rwxs 2c21e000 00:0e 15711      /dev/nvidia0
b36db000-b36dc000 rwxs 2c21d000 00:0e 15711      /dev/nvidia0
b36dc000-b381e000 rwxs 115c2000 00:0e 15711      /dev/nvidia0
b381e000-b3842000 rwxp b381e000 00:00 0 
b3842000-b3843000 rwxs 00000000 00:09 2555955    /SYSV00000000 (deleted)
b3843000-b3884000 rwxp b3843000 00:00 0 
b3884000-b38df000 rwxp 00000000 00:0e 2727       /dev/zero
b38df000-b38e0000 rwxs 51001000 00:0e 15711      /dev/nvidia0
b38e0000-b3de0000 rwxs 40000000 00:0e 15711      /dev/nvidia0
b3de0000-b3e02000 rwxp b3de0000 00:00 0 
b3e02000-b3e20000 rwxs 00000000 00:09 0          /SYSV00000000 (deleted)
b3e20000-b3e7b000 rwxp b3e20000 00:00 0 
b3e7b000-b3e7d000 rwxp 00000000 00:0e 2727       /dev/zero
b3e7d000-b3e7e000 r-xp 00000000 08:07 122527     /usr/lib/tls/libnvidia-tls.so.100.14.23
b3e7e000-b3e7f000 rwxp 00000000 08:07 122527     /usr/lib/tls/libnvidia-tls.so.100.14.23
b3e7f000-b47db000 r-xp 00000000 08:07 122635     /usr/lib/libGLcore.so.100.14.23
b47db000-b4813000 rwxp 0095c000 08:07 122635     /usr/lib/libGLcore.so.100.14.23
b4813000-b4817000 rwxp b4813000 00:00 0 
b4817000-b4891000 r-xp 00000000 08:07 122631     /usr/lib/libGL.so.100.14.23
b4891000-b48ac000 rwxp 00079000 08:07 122631     /usr/lib/libGL.so.100.14.23
b48ac000-b48ad000 rwxp b48ac000 00:00 0 
b48ad000-b48ae000 r-xp 00000000 08:07 110686     /home/abraao/jdk1.6.0_03/jre/lib/i386/libjawt.so
b48ae000-b48af000 rwxp 00000000 08:07 110686     /home/abraao/jdk1.6.0_03/jre/lib/i386/libjawt.so
b48af000-b48b2000 ---p b48af000 00:00 0 
b48b2000-b49f2000 rwxp b48b2000 00:00 0 
b49f2000-b4a00000 ---p b49f2000 00:00 0 
b4a00000-b4a01000 rwxs 51c03000 00:0e 15711      /dev/nvidia0
b4a01000-b4a06000 r-xp 00000000 08:07 7453       /usr/lib/libXrandr.so.2.1.0
b4a06000-b4a07000 rwxp 00005000 08:07 7453       /usr/lib/libXrandr.so.2.1.0
b4a07000-b4a3d000 r-xp 00000000 08:07 294629     /home/abraao/projetos/java/ToupetyEngine/dist/liblwjgl.so
b4a3d000-b4a3f000 rwxp 00035000 08:07 294629     /home/abraao/projetos/java/ToupetyEngine/dist/liblwjgl.so
b4a3f000-b4a43000 r-xp 00000000 08:07 7435       /usr/lib/libXfixes.so.3.1.0
b4a43000-b4a44000 rwxp 00003000 08:07 7435       /usr/lib/libXfixes.so.3.1.0
b4a44000-b4a4b000 r-xp 00000000 08:07 7455       /usr/lib/libXrender.so.1.3.0
b4a4b000-b4a4c000 rwxp 00006000 08:07 7455       /usr/lib/libXrender.so.1.3.0
b4a4c000-b4a54000 r-xp 00000000 08:07 7425       /usr/lib/libXcursor.so.1.0.2
b4a54000-b4a55000 rwxp 00007000 08:07 7425       /usr/lib/libXcursor.so.1.0.2
b4a55000-b4a58000 ---p b4a55000 00:00 0 
b4a58000-b4aa6000 rwxp b4a58000 00:00 0 
b4aa6000-b4b24000 r-xp 00000000 08:07 110668     /home/abraao/jdk1.6.0_03/jre/lib/i386/libfontmanager.so
b4b24000-b4b2e000 rwxp 0007e000 08:07 110668     /home/abraao/jdk1.6.0_03/jre/lib/i386/libfontmanager.so
b4b2e000-b4b33000 rwxp b4b2e000 00:00 0 
b4b33000-b4b37000 r-xp 00000000 08:07 7429       /usr/lib/libXdmcp.so.6.0.0
b4b37000-b4b38000 rwxp 00003000 08:07 7429       /usr/lib/libXdmcp.so.6.0.0
b4b38000-b4b3a000 r-xp 00000000 08:07 7418       /usr/lib/libXau.so.6.0.0
b4b3a000-b4b3b000 rwxp 00001000 08:07 7418       /usr/lib/libXau.so.6.0.0
b4b3b000-b4b42000 r-xp 00000000 08:07 7441       /usr/lib/libXi.so.6.0.0
b4b42000-b4b43000 rwxp 00006000 08:07 7441       /usr/lib/libXi.so.6.0.0
b4b43000-b4c30000 r-xp 00000000 08:07 7412       /usr/lib/libX11.so.6.2.0
b4c30000-b4c34000 rwxp 000ed000 08:07 7412       /usr/lib/libX11.so.6.2.0
b4c34000-b4c41000 r-xp 00000000 08:07 7433       /usr/lib/libXext.so.6.4.0
b4c41000-b4c42000 rwxp 0000d000 08:07 7433       /usr/lib/libXext.so.6.4.0
b4c42000-b4c80000 r-xp 00000000 08:07 110655     /home/abraao/jdk1.6.0_03/jre/lib/i386/xawt/libmawt.so
b4c80000-b4c82000 rwxp 0003e000 08:07 110655     /home/abraao/jdk1.6.0_03/jre/lib/i386/xawt/libmawt.so
b4c82000-b4c83000 rwxp b4c82000 00:00 0 
b4c83000-b4d49000 r-xp 00000000 08:07 110687     /home/abraao/jdk1.6.0_03/jre/lib/i386/libmlib_image.so
b4d49000-b4d4a000 rwxp 000c5000 08:07 110687     /home/abraao/jdk1.6.0_03/jre/lib/i386/libmlib_image.so
b4d4a000-b4dc5000 r-xp 00000000 08:07 110708     /home/abraao/jdk1.6.0_03/jre/lib/i386/libawt.so
b4dc5000-b4dcc000 rwxp 0007b000 08:07 110708     /home/abraao/jdk1.6.0_03/jre/lib/i386/libawt.so
b4dcc000-b4df0000 rwxp b4dcc000 00:00 0 
b4df0000-b4e17000 r-xs 0028b000 08:07 294597     /home/abraao/projetos/java/ToupetyEngine/dist/groovy-all-1.5.2.jar
b4e17000-b4e20000 r-xs 00079000 08:07 294670     /home/abraao/projetos/java/ToupetyEngine/dist/neodatis-odb.jar
b4e20000-b4e23000 r-xs 0001d000 08:07 294665     /home/abraao/projetos/java/ToupetyEngine/dist/NativeFmod.jar
b4e23000-b4e3a000 r-xs 00114000 08:07 294685     /home/abraao/projetos/java/ToupetyEngine/dist/xercesImpl.jar
b4e3a000-b4e42000 r-xs 00028000 08:07 294686     /home/abraao/projetos/java/ToupetyEngine/dist/xml-apis.jar
b4e42000-b4e45000 r-xs 00015000 08:07 294672     /home/abraao/projetos/java/ToupetyEngine/dist/phys2d-060907.jar
b4e45000-b4e4d000 r-xs 0007b000 08:07 294661     /home/abraao/projetos/java/ToupetyEngine/dist/lwjgl.jar
b4e4d000-b4e54000 r-xs 0005d000 08:07 294680     /home/abraao/projetos/java/ToupetyEngine/dist/slick.jar
b4e54000-b4e84000 rwxp b4e54000 00:00 0 
b4e84000-b5000000 r-xs 02c8f000 08:07 110922     /home/abraao/jdk1.6.0_03/jre/lib/rt.jar
b5000000-b5100000 rwxp b5000000 00:00 0 
b5100000-b5104000 r-xp 00000000 08:07 7461       /usr/lib/libXtst.so.6.1.0
b5104000-b5105000 rwxp 00004000 08:07 7461       /usr/lib/libXtst.so.6.1.0
b5105000-b510a000 r-xs 00034000 08:07 294684     /home/abraao/projetos/java/ToupetyEngine/dist/toupety_demo1.jar
b510a000-b510f000 r-xs 00034000 08:07 294684     /home/abraao/projetos/java/ToupetyEngine/dist/toupety_demo1.jar
b510f000-b5110000 ---p b510f000 00:00 0 
b5110000-b5190000 rwxp b5110000 00:00 0 
b5190000-b5193000 ---p b5190000 00:00 0 
b5193000-b51e1000 rwxp b5193000 00:00 0 
b51e1000-b51e4000 ---p b51e1000 00:00 0 
b51e4000-b5262000 rwxp b51e4000 00:00 0 
b5262000-b5265000 ---p b5262000 00:00 0 
b5265000-b52b3000 rwxp b5265000 00:00 0 
b52b3000-b52ba000 r-xs 00000000 08:07 9763       /usr/lib/gconv/gconv-modules.cache
b52ba000-b52f9000 r-xp 00000000 08:07 11208      /usr/lib/locale/pt_BR.utf8/LC_CTYPE
b52f9000-b52fc000 ---p b52f9000 00:00 0 
b52fc000-b534a000 rwxp b52fc000 00:00 0 
b534a000-b534d000 ---p b534a000 00:00 0 
b534d000-b539b000 rwxp b534d000 00:00 0 
b539b000-b539c000 ---p b539b000 00:00 0 
b539c000-b542a000 rwxp b539c000 00:00 0 
b542a000-b5444000 rwxp b542a000 00:00 0 
b5444000-b5531000 rwxp b5444000 00:00 0 
b5531000-b57eb000 rwxp b5531000 00:00 0 
b57eb000-b57ff000 rwxp b57eb000 00:00 0 
b57ff000-b5838000 rwxp b57ff000 00:00 0 
b5838000-b5926000 rwxp b5838000 00:00 0 
b5926000-b5bdf000 rwxp b5926000 00:00 0 
b5bdf000-b5be5000 rwxp b5bdf000 00:00 0 
b5be5000-b5bff000 rwxp b5be5000 00:00 0 
b5bff000-b5c17000 rwxp b5bff000 00:00 0 
b5c17000-b5c8a000 rwxp b5c17000 00:00 0 
b5c8a000-b5f9a000 rwxp b5c8a000 00:00 0 
b5f9a000-b7c8a000 rwxp b5f9a000 00:00 0 
b7c8a000-b7c99000 r-xp 00000000 08:07 110670     /home/abraao/jdk1.6.0_03/jre/lib/i386/libzip.so
b7c99000-b7c9b000 rwxp 0000e000 08:07 110670     /home/abraao/jdk1.6.0_03/jre/lib/i386/libzip.so
b7c9b000-b7cbe000 r-xp 00000000 08:07 110685     /home/abraao/jdk1.6.0_03/jre/lib/i386/libjava.so
b7cbe000-b7cc0000 rwxp 00023000 08:07 110685     /home/abraao/jdk1.6.0_03/jre/lib/i386/libjava.so
b7cc0000-b7cc9000 r-xp 00000000 08:07 5572       /lib/tls/i686/cmov/libnss_files-2.6.1.so
b7cc9000-b7ccb000 rwxp 00008000 08:07 5572       /lib/tls/i686/cmov/libnss_files-2.6.1.so
b7ccb000-b7cd3000 r-xp 00000000 08:07 5576       /lib/tls/i686/cmov/libnss_nis-2.6.1.so
b7cd3000-b7cd5000 rwxp 00007000 08:07 5576       /lib/tls/i686/cmov/libnss_nis-2.6.1.so
b7cd5000-b7cdc000 r-xp 00000000 08:07 5568       /lib/tls/i686/cmov/libnss_compat-2.6.1.so
b7cdc000-b7cde000 rwxp 00006000 08:07 5568       /lib/tls/i686/cmov/libnss_compat-2.6.1.so
b7cde000-b7cf2000 r-xp 00000000 08:07 5566       /lib/tls/i686/cmov/libnsl-2.6.1.so
b7cf2000-b7cf4000 rwxp 00013000 08:07 5566       /lib/tls/i686/cmov/libnsl-2.6.1.so
b7cf4000-b7cfb000 rwxp b7cf4000 00:00 0 
b7cfb000-b7d06000 r-xp 00000000 08:07 110663     /home/abraao/jdk1.6.0_03/jre/lib/i386/libverify.so
b7d06000-b7d07000 rwxp 0000b000 08:07 110663     /home/abraao/jdk1.6.0_03/jre/lib/i386/libverify.so
b7d07000-b7d0e000 r-xp 00000000 08:07 5585       /lib/tls/i686/cmov/librt-2.6.1.so
b7d0e000-b7d10000 rwxp 00006000 08:07 5585       /lib/tls/i686/cmov/librt-2.6.1.so
b7d10000-b7d13000 ---p b7d10000 00:00 0 
b7d13000-b7d61000 rwxp b7d13000 00:00 0 
b7d61000-b7d84000 r-xp 00000000 08:07 5563       /lib/tls/i686/cmov/libm-2.6.1.so
b7d84000-b7d86000 rwxp 00023000 08:07 5563       /lib/tls/i686/cmov/libm-2.6.1.so
b7d86000-b7d87000 rwxp b7d86000 00:00 0 
b7d87000-b7ecb000 r-xp 00000000 08:07 5555       /lib/tls/i686/cmov/libc-2.6.1.so
b7ecb000-b7ecc000 r-xp 00143000 08:07 5555       /lib/tls/i686/cmov/libc-2.6.1.so
b7ecc000-b7ece000 rwxp 00144000 08:07 5555       /lib/tls/i686/cmov/libc-2.6.1.so
b7ece000-b7ed1000 rwxp b7ece000 00:00 0 
b7ed1000-b7ed3000 r-xp 00000000 08:07 5561       /lib/tls/i686/cmov/libdl-2.6.1.so
b7ed3000-b7ed5000 rwxp 00001000 08:07 5561       /lib/tls/i686/cmov/libdl-2.6.1.so
b7ed5000-b7edc000 r-xp 00000000 08:07 110653     /home/abraao/jdk1.6.0_03/jre/lib/i386/jli/libjli.so
b7edc000-b7ede000 rwxp 00006000 08:07 110653     /home/abraao/jdk1.6.0_03/jre/lib/i386/jli/libjli.so
b7ede000-b7edf000 rwxp b7ede000 00:00 0 
b7edf000-b7ef3000 r-xp 00000000 08:07 5581       /lib/tls/i686/cmov/libpthread-2.6.1.so
b7ef3000-b7ef5000 rwxp 00013000 08:07 5581       /lib/tls/i686/cmov/libpthread-2.6.1.so
b7ef5000-b7ef7000 rwxp b7ef5000 00:00 0 
b7ef7000-b7eff000 rwxs 00000000 08:07 90858      /tmp/hsperfdata_abraao/5839
b7eff000-b7f05000 r-xp 00000000 08:07 110672     /home/abraao/jdk1.6.0_03/jre/lib/i386/native_threads/libhpi.so
b7f05000-b7f06000 rwxp 00006000 08:07 110672     /home/abraao/jdk1.6.0_03/jre/lib/i386/native_threads/libhpi.so
b7f06000-b7f07000 rwxp b7f06000 00:00 0 
b7f07000-b7f08000 r-xp b7f07000 00:00 0 
b7f08000-b7f0a000 rwxp b7f08000 00:00 0 
b7f0a000-b7f24000 r-xp 00000000 08:07 2148       /lib/ld-2.6.1.so
b7f24000-b7f26000 rwxp 00019000 08:07 2148       /lib/ld-2.6.1.so
bffa1000-bffd5000 rwxp bffa1000 00:00 0          [stack]
ffffe000-fffff000 r-xp 00000000 00:00 0          [vdso]

VM Arguments:
jvm_args: -Xms512m -Xmx2024m -Djava.library.path=.
java_command: toupety_demo1.jar
Launcher Type: SUN_STANDARD

Environment Variables:
PATH=/home/abraao/jdk1.6.0_03/bin:/usr/local/sbin:/usr/local/bin:/usr/sbin:/usr/bin:/sbin:/bin:/usr/games
USERNAME=abraao
LD_LIBRARY_PATH=/home/abraao/jdk1.6.0_03/jre/lib/i386/client:/home/abraao/jdk1.6.0_03/jre/lib/i386:/home/abraao/jdk1.6.0_03/jre/../lib/i386:/usr/lib
SHELL=/bin/bash
DISPLAY=:0.0

Signal Handlers:
SIGSEGV: [libjvm.so+0x3b29c0], sa_mask[0]=0x7ffbfeff, sa_flags=0x10000004
SIGBUS: [libjvm.so+0x3b29c0], sa_mask[0]=0x7ffbfeff, sa_flags=0x10000004
SIGFPE: [libjvm.so+0x309ec0], sa_mask[0]=0x7ffbfeff, sa_flags=0x10000004
SIGPIPE: [libjvm.so+0x309ec0], sa_mask[0]=0x7ffbfeff, sa_flags=0x10000004
SIGILL: [libjvm.so+0x309ec0], sa_mask[0]=0x7ffbfeff, sa_flags=0x10000004
SIGUSR1: SIG_DFL, sa_mask[0]=0x00000000, sa_flags=0x00000000
SIGUSR2: [libjvm.so+0x30bef0], sa_mask[0]=0x00000000, sa_flags=0x10000004
SIGHUP: [libjvm.so+0x30b910], sa_mask[0]=0x7ffbfeff, sa_flags=0x10000004
SIGINT: [libjvm.so+0x30b910], sa_mask[0]=0x7ffbfeff, sa_flags=0x10000004
SIGQUIT: [libjvm.so+0x30b910], sa_mask[0]=0x7ffbfeff, sa_flags=0x10000004
SIGTERM: [libjvm.so+0x30b910], sa_mask[0]=0x7ffbfeff, sa_flags=0x10000004
SIGUSR2: [libjvm.so+0x30bef0], sa_mask[0]=0x00000000, sa_flags=0x10000004


---------------  S Y S T E M  ---------------

OS:lenny/sid

uname:Linux 2.6.22-14-generic #1 SMP Tue Dec 18 08:02:57 UTC 2007 i686
libc:glibc 2.6.1 NPTL 2.6.1 
rlimit: STACK 8192k, CORE 0k, NPROC 8178, NOFILE 1024, AS infinity
load average:1.53 1.36 0.87

CPU:total 2 (2 cores per cpu, 1 threads per core) family 15 model 4 stepping 7, cmov, cx8, fxsr, mmx, sse, sse2, sse3

Memory: 4k page, physical 1033892k(14176k free), swap 1003988k(980056k free)

vm_info: Java HotSpot(TM) Client VM (1.6.0_03-b05) for linux-x86, built on Sep 24 2007 22:45:46 by "java_re" with gcc 3.2.1-7a (J2SE release)

